<?xml version="1.0" encoding="UTF-8"?>
<coverage generated="1648591482919" clover="3.2.0">
  <project timestamp="1648591482919" name="All files">
    <metrics statements="90" coveredstatements="90" conditionals="0" coveredconditionals="0" methods="45" coveredmethods="45" elements="135" coveredelements="135" complexity="0" loc="90" ncloc="90" packages="2" files="7" classes="7"/>
    <package name="src">
      <metrics statements="16" coveredstatements="16" conditionals="0" coveredconditionals="0" methods="3" coveredmethods="3"/>
      <file name="job.ts" path="/home/runner/example-state-design-pattern/src/job.ts">
        <metrics statements="16" coveredstatements="16" conditionals="0" coveredconditionals="0" methods="3" coveredmethods="3"/>
        <line num="2" count="1" type="stmt"/>
        <line num="3" count="1" type="stmt"/>
        <line num="4" count="1" type="stmt"/>
        <line num="5" count="1" type="stmt"/>
        <line num="6" count="1" type="stmt"/>
        <line num="7" count="1" type="stmt"/>
        <line num="10" count="1" type="stmt"/>
        <line num="20" count="37" type="stmt"/>
        <line num="21" count="37" type="stmt"/>
        <line num="22" count="37" type="stmt"/>
        <line num="23" count="37" type="stmt"/>
        <line num="24" count="37" type="stmt"/>
        <line num="25" count="37" type="stmt"/>
        <line num="27" count="37" type="stmt"/>
        <line num="31" count="111" type="stmt"/>
        <line num="35" count="121" type="stmt"/>
      </file>
    </package>
    <package name="src.states">
      <metrics statements="74" coveredstatements="74" conditionals="0" coveredconditionals="0" methods="42" coveredmethods="42"/>
      <file name="job-accepted.state.ts" path="/home/runner/example-state-design-pattern/src/states/job-accepted.state.ts">
        <metrics statements="12" coveredstatements="12" conditionals="0" coveredconditionals="0" methods="7" coveredmethods="7"/>
        <line num="4" count="1" type="stmt"/>
        <line num="8" count="37" type="stmt"/>
        <line num="12" count="1" type="stmt"/>
        <line num="13" count="1" type="stmt"/>
        <line num="17" count="1" type="stmt"/>
        <line num="21" count="1" type="stmt"/>
        <line num="22" count="1" type="stmt"/>
        <line num="26" count="1" type="stmt"/>
        <line num="30" count="13" type="stmt"/>
        <line num="31" count="13" type="stmt"/>
        <line num="35" count="1" type="stmt"/>
        <line num="36" count="1" type="stmt"/>
      </file>
      <file name="job-completed.state.ts" path="/home/runner/example-state-design-pattern/src/states/job-completed.state.ts">
        <metrics statements="9" coveredstatements="9" conditionals="0" coveredconditionals="0" methods="7" coveredmethods="7"/>
        <line num="4" count="1" type="stmt"/>
        <line num="8" count="37" type="stmt"/>
        <line num="12" count="1" type="stmt"/>
        <line num="16" count="1" type="stmt"/>
        <line num="17" count="1" type="stmt"/>
        <line num="21" count="1" type="stmt"/>
        <line num="25" count="1" type="stmt"/>
        <line num="29" count="1" type="stmt"/>
        <line num="33" count="1" type="stmt"/>
      </file>
      <file name="job-errored.state.ts" path="/home/runner/example-state-design-pattern/src/states/job-errored.state.ts">
        <metrics statements="14" coveredstatements="14" conditionals="0" coveredconditionals="0" methods="7" coveredmethods="7"/>
        <line num="4" count="1" type="stmt"/>
        <line num="8" count="37" type="stmt"/>
        <line num="12" count="1" type="stmt"/>
        <line num="13" count="1" type="stmt"/>
        <line num="17" count="1" type="stmt"/>
        <line num="18" count="1" type="stmt"/>
        <line num="22" count="1" type="stmt"/>
        <line num="23" count="1" type="stmt"/>
        <line num="27" count="1" type="stmt"/>
        <line num="28" count="1" type="stmt"/>
        <line num="32" count="1" type="stmt"/>
        <line num="33" count="1" type="stmt"/>
        <line num="37" count="1" type="stmt"/>
        <line num="38" count="1" type="stmt"/>
      </file>
      <file name="job-pending.state.ts" path="/home/runner/example-state-design-pattern/src/states/job-pending.state.ts">
        <metrics statements="12" coveredstatements="12" conditionals="0" coveredconditionals="0" methods="7" coveredmethods="7"/>
        <line num="4" count="1" type="stmt"/>
        <line num="8" count="37" type="stmt"/>
        <line num="12" count="19" type="stmt"/>
        <line num="13" count="19" type="stmt"/>
        <line num="17" count="1" type="stmt"/>
        <line num="21" count="7" type="stmt"/>
        <line num="22" count="7" type="stmt"/>
        <line num="26" count="1" type="stmt"/>
        <line num="27" count="1" type="stmt"/>
        <line num="31" count="1" type="stmt"/>
        <line num="35" count="7" type="stmt"/>
        <line num="36" count="7" type="stmt"/>
      </file>
      <file name="job-processing.state.ts" path="/home/runner/example-state-design-pattern/src/states/job-processing.state.ts">
        <metrics statements="13" coveredstatements="13" conditionals="0" coveredconditionals="0" methods="7" coveredmethods="7"/>
        <line num="4" count="1" type="stmt"/>
        <line num="8" count="37" type="stmt"/>
        <line num="12" count="1" type="stmt"/>
        <line num="16" count="7" type="stmt"/>
        <line num="17" count="7" type="stmt"/>
        <line num="21" count="1" type="stmt"/>
        <line num="22" count="1" type="stmt"/>
        <line num="26" count="1" type="stmt"/>
        <line num="27" count="1" type="stmt"/>
        <line num="31" count="1" type="stmt"/>
        <line num="32" count="1" type="stmt"/>
        <line num="36" count="1" type="stmt"/>
        <line num="37" count="1" type="stmt"/>
      </file>
      <file name="job-unknown.state.ts" path="/home/runner/example-state-design-pattern/src/states/job-unknown.state.ts">
        <metrics statements="14" coveredstatements="14" conditionals="0" coveredconditionals="0" methods="7" coveredmethods="7"/>
        <line num="4" count="1" type="stmt"/>
        <line num="8" count="37" type="stmt"/>
        <line num="12" count="1" type="stmt"/>
        <line num="13" count="1" type="stmt"/>
        <line num="17" count="1" type="stmt"/>
        <line num="18" count="1" type="stmt"/>
        <line num="22" count="1" type="stmt"/>
        <line num="23" count="1" type="stmt"/>
        <line num="27" count="1" type="stmt"/>
        <line num="28" count="1" type="stmt"/>
        <line num="32" count="1" type="stmt"/>
        <line num="33" count="1" type="stmt"/>
        <line num="37" count="1" type="stmt"/>
        <line num="38" count="1" type="stmt"/>
      </file>
    </package>
  </project>
</coverage>
